[2023-11-27T12:36:06.349306+00:00] my_log.INFO: It is message INFO. [] []
[2023-11-27T12:36:06.350574+00:00] my_log.ERROR: It is message Error. [] []
[2023-11-27T12:36:20.426832+00:00] my_log.INFO: It is message INFO. [] []
[2023-11-27T12:36:20.427846+00:00] my_log.ERROR: It is message Error. [] []
[2023-11-27T12:39:03.102813+00:00] my_log.INFO: It is message INFO. [] []
[2023-11-27T12:39:03.103860+00:00] my_log.ERROR: It is message Error. [] []
[2023-11-27T12:39:19.148928+00:00] my_log.INFO: It is message INFO. [] []
[2023-11-27T12:39:19.149925+00:00] my_log.ERROR: It is message Error. [] []
[2023-11-27T12:49:15.823727+00:00] validator.INFO: validate number3566365464 [] []
[2023-11-27T12:49:24.365076+00:00] validator.INFO: validate number2412423434 [] []
[2023-11-27T12:50:29.842273+00:00] validator.INFO: validate number2412423434 [] []
[2023-11-27T12:50:58.059754+00:00] validator.INFO: validate number3241414213 [] []
[2023-11-27T12:51:05.802467+00:00] validator.INFO: validate number3241414213 [] []
[2023-11-27T12:52:04.846551+00:00] validator.INFO: validate number5245423545 [] []
[2023-11-27T12:52:16.983705+00:00] validator.INFO: validate number2412423434 [] []
[2023-11-27T12:54:07.450731+00:00] validator.INFO: validate number2412423434 [] []
[2023-11-27T12:54:20.268706+00:00] validator.INFO: validate number3241414213 [] []
[2023-11-27T12:54:57.494208+00:00] validator.INFO: validate number3241414213 [] []
[2023-11-27T12:54:59.752757+00:00] validator.INFO: validate number3241414213 [] []
[2023-11-27T12:56:00.106944+00:00] validator.INFO: validate number3566365464 [] []
[2023-11-27T12:56:44.486023+00:00] validator.INFO: validate number: 3566365464 [] []
[2023-11-27T20:29:17.148302+00:00] validator.INFO: validate number:  [] []
[2023-11-27T20:29:17.149296+00:00] validator.ERROR: don`t validate number:  [] []
